<?xml version="1.0" encoding="UTF-8"?>
<coverage generated="1733386249393" clover="3.2.0">
  <project timestamp="1733386249394" name="All files">
    <metrics statements="37" coveredstatements="34" conditionals="14" coveredconditionals="13" methods="10" coveredmethods="8" elements="61" coveredelements="55" complexity="0" loc="37" ncloc="37" packages="1" files="1" classes="1"/>
    <file name="search_beverage.js" path="C:\Users\akhila\Documents\DVOPS_Projects\beverage_ecommerce_ann\beverage_ecom-ann\public\js\search_beverage.js">
      <metrics statements="37" coveredstatements="34" conditionals="14" coveredconditionals="13" methods="10" coveredmethods="8"/>
      <line num="1" count="6" type="stmt"/>
      <line num="2" count="36" type="cond" truecount="2" falsecount="0"/>
      <line num="3" count="4" type="stmt"/>
      <line num="7" count="6" type="stmt"/>
      <line num="10" count="36" type="stmt"/>
      <line num="12" count="36" type="stmt"/>
      <line num="14" count="36" type="cond" truecount="2" falsecount="0"/>
      <line num="15" count="1" type="stmt"/>
      <line num="16" count="1" type="stmt"/>
      <line num="19" count="35" type="stmt"/>
      <line num="20" count="35" type="stmt"/>
      <line num="21" count="35" type="stmt"/>
      <line num="23" count="35" type="stmt"/>
      <line num="24" count="35" type="stmt"/>
      <line num="25" count="35" type="stmt"/>
      <line num="27" count="35" type="cond" truecount="2" falsecount="0"/>
      <line num="28" count="14" type="stmt"/>
      <line num="30" count="21" type="stmt"/>
      <line num="34" count="35" type="stmt"/>
      <line num="35" count="0" type="stmt"/>
      <line num="38" count="35" type="stmt"/>
      <line num="42" count="23" type="stmt"/>
      <line num="44" count="23" type="stmt"/>
      <line num="45" count="23" type="stmt"/>
      <line num="47" count="23" type="stmt"/>
      <line num="48" count="130" type="stmt"/>
      <line num="49" count="130" type="stmt"/>
      <line num="51" count="130" type="stmt"/>
      <line num="61" count="130" type="stmt"/>
      <line num="66" count="2" type="stmt"/>
      <line num="68" count="2" type="cond" truecount="2" falsecount="0"/>
      <line num="69" count="4" type="stmt"/>
      <line num="70" count="1" type="cond" truecount="1" falsecount="1"/>
      <line num="71" count="3" type="stmt"/>
      <line num="74" count="2" type="stmt"/>
      <line num="77" count="0" type="stmt"/>
      <line num="78" count="0" type="stmt"/>
    </file>
  </project>
</coverage>
