{"total": {"lines":{"total":37,"covered":34,"skipped":0,"pct":91.89},"statements":{"total":39,"covered":36,"skipped":0,"pct":92.3},"functions":{"total":10,"covered":8,"skipped":0,"pct":80},"branches":{"total":14,"covered":13,"skipped":0,"pct":92.85},"branchesTrue":{"total":0,"covered":0,"skipped":0,"pct":"Unknown"}}
,"C:\\Users\\akhila\\Documents\\DVOPS_Projects\\beverage_ecommerce_ann\\beverage_ecom-ann\\public\\js\\search_beverage.js": {"lines":{"total":37,"covered":34,"skipped":0,"pct":91.89},"functions":{"total":10,"covered":8,"skipped":0,"pct":80},"statements":{"total":39,"covered":36,"skipped":0,"pct":92.3},"branches":{"total":14,"covered":13,"skipped":0,"pct":92.85}}
}
