{"total": {"lines":{"total":185,"covered":40,"skipped":0,"pct":21.62},"statements":{"total":188,"covered":41,"skipped":0,"pct":21.8},"functions":{"total":34,"covered":9,"skipped":0,"pct":26.47},"branches":{"total":60,"covered":10,"skipped":0,"pct":16.66},"branchesTrue":{"total":0,"covered":0,"skipped":0,"pct":"Unknown"}}
,"C:\\Users\\akhila\\Documents\\DVOPS_Projects\\beverage_ecommerce_ann\\beverage_ecom-ann\\public\\js\\addbeverage.js": {"lines":{"total":50,"covered":0,"skipped":0,"pct":0},"functions":{"total":8,"covered":0,"skipped":0,"pct":0},"statements":{"total":50,"covered":0,"skipped":0,"pct":0},"branches":{"total":15,"covered":0,"skipped":0,"pct":0}}
,"C:\\Users\\akhila\\Documents\\DVOPS_Projects\\beverage_ecommerce_ann\\beverage_ecom-ann\\public\\js\\search_beverage.js": {"lines":{"total":37,"covered":32,"skipped":0,"pct":86.48},"functions":{"total":10,"covered":7,"skipped":0,"pct":70},"statements":{"total":39,"covered":33,"skipped":0,"pct":84.61},"branches":{"total":14,"covered":9,"skipped":0,"pct":64.28}}
,"C:\\Users\\akhila\\Documents\\DVOPS_Projects\\beverage_ecommerce_ann\\beverage_ecom-ann\\public\\js\\update_beverage.js": {"lines":{"total":98,"covered":8,"skipped":0,"pct":8.16},"functions":{"total":16,"covered":2,"skipped":0,"pct":12.5},"statements":{"total":99,"covered":8,"skipped":0,"pct":8.08},"branches":{"total":31,"covered":1,"skipped":0,"pct":3.22}}
}
