{"C:\\Users\\akhila\\Documents\\DVOPS_Projects\\beverage_ecommerce_ann\\beverage_ecom-ann\\public\\js\\addbeverage.js": {"path":"C:\\Users\\akhila\\Documents\\DVOPS_Projects\\beverage_ecommerce_ann\\beverage_ecom-ann\\public\\js\\addbeverage.js","statementMap":{"0":{"start":{"line":2,"column":19},"end":{"line":2,"column":21}},"1":{"start":{"line":3,"column":19},"end":{"line":3,"column":31}},"2":{"start":{"line":4,"column":4},"end":{"line":4,"column":58}},"3":{"start":{"line":5,"column":4},"end":{"line":5,"column":60}},"4":{"start":{"line":6,"column":4},"end":{"line":6,"column":60}},"5":{"start":{"line":7,"column":4},"end":{"line":7,"column":66}},"6":{"start":{"line":8,"column":4},"end":{"line":8,"column":72}},"7":{"start":{"line":9,"column":4},"end":{"line":9,"column":62}},"8":{"start":{"line":10,"column":4},"end":{"line":10,"column":66}},"9":{"start":{"line":12,"column":4},"end":{"line":16,"column":5}},"10":{"start":{"line":13,"column":8},"end":{"line":13,"column":82}},"11":{"start":{"line":14,"column":8},"end":{"line":14,"column":80}},"12":{"start":{"line":15,"column":8},"end":{"line":15,"column":15}},"13":{"start":{"line":18,"column":18},"end":{"line":18,"column":38}},"14":{"start":{"line":19,"column":4},"end":{"line":19,"column":48}},"15":{"start":{"line":20,"column":4},"end":{"line":20,"column":65}},"16":{"start":{"line":22,"column":4},"end":{"line":46,"column":6}},"17":{"start":{"line":23,"column":8},"end":{"line":23,"column":52}},"18":{"start":{"line":24,"column":8},"end":{"line":24,"column":30}},"19":{"start":{"line":25,"column":8},"end":{"line":45,"column":9}},"20":{"start":{"line":26,"column":12},"end":{"line":26,"column":100}},"21":{"start":{"line":27,"column":12},"end":{"line":27,"column":85}},"22":{"start":{"line":28,"column":12},"end":{"line":28,"column":67}},"23":{"start":{"line":31,"column":12},"end":{"line":31,"column":55}},"24":{"start":{"line":32,"column":12},"end":{"line":32,"column":56}},"25":{"start":{"line":33,"column":12},"end":{"line":33,"column":56}},"26":{"start":{"line":34,"column":12},"end":{"line":34,"column":59}},"27":{"start":{"line":35,"column":12},"end":{"line":35,"column":62}},"28":{"start":{"line":36,"column":12},"end":{"line":36,"column":57}},"29":{"start":{"line":37,"column":12},"end":{"line":37,"column":59}},"30":{"start":{"line":40,"column":12},"end":{"line":40,"column":48}},"31":{"start":{"line":42,"column":12},"end":{"line":42,"column":85}},"32":{"start":{"line":43,"column":12},"end":{"line":43,"column":84}},"33":{"start":{"line":44,"column":12},"end":{"line":44,"column":45}},"34":{"start":{"line":49,"column":4},"end":{"line":49,"column":43}},"35":{"start":{"line":54,"column":24},"end":{"line":54,"column":64}},"36":{"start":{"line":55,"column":4},"end":{"line":59,"column":5}},"37":{"start":{"line":56,"column":6},"end":{"line":56,"column":44}},"38":{"start":{"line":58,"column":6},"end":{"line":58,"column":43}},"39":{"start":{"line":63,"column":4},"end":{"line":63,"column":68}},"40":{"start":{"line":68,"column":4},"end":{"line":68,"column":68}},"41":{"start":{"line":73,"column":19},"end":{"line":73,"column":57}},"42":{"start":{"line":74,"column":23},"end":{"line":74,"column":62}},"43":{"start":{"line":77,"column":14},"end":{"line":77,"column":25}},"44":{"start":{"line":78,"column":4},"end":{"line":81,"column":5}},"45":{"start":{"line":79,"column":8},"end":{"line":79,"column":36}},"46":{"start":{"line":80,"column":8},"end":{"line":80,"column":45}},"47":{"start":{"line":82,"column":4},"end":{"line":84,"column":5}},"48":{"start":{"line":83,"column":8},"end":{"line":83,"column":44}},"49":{"start":{"line":85,"column":4},"end":{"line":85,"column":23}}},"fnMap":{"0":{"name":"addbeverage","decl":{"start":{"line":1,"column":9},"end":{"line":1,"column":20}},"loc":{"start":{"line":1,"column":23},"end":{"line":50,"column":1}},"line":1},"1":{"name":"(anonymous_1)","decl":{"start":{"line":22,"column":21},"end":{"line":22,"column":22}},"loc":{"start":{"line":22,"column":33},"end":{"line":46,"column":5}},"line":22},"2":{"name":"openForm","decl":{"start":{"line":53,"column":9},"end":{"line":53,"column":17}},"loc":{"start":{"line":53,"column":20},"end":{"line":60,"column":3}},"line":53},"3":{"name":"openModal","decl":{"start":{"line":62,"column":11},"end":{"line":62,"column":20}},"loc":{"start":{"line":62,"column":23},"end":{"line":64,"column":1}},"line":62},"4":{"name":"closeModal","decl":{"start":{"line":67,"column":9},"end":{"line":67,"column":19}},"loc":{"start":{"line":67,"column":22},"end":{"line":70,"column":1}},"line":67},"5":{"name":"previewImage","decl":{"start":{"line":72,"column":9},"end":{"line":72,"column":21}},"loc":{"start":{"line":72,"column":24},"end":{"line":86,"column":1}},"line":72},"6":{"name":"(anonymous_6)","decl":{"start":{"line":78,"column":17},"end":{"line":78,"column":18}},"loc":{"start":{"line":78,"column":28},"end":{"line":81,"column":5}},"line":78},"7":{"name":"(anonymous_7)","decl":{"start":{"line":82,"column":18},"end":{"line":82,"column":19}},"loc":{"start":{"line":82,"column":29},"end":{"line":84,"column":5}},"line":82}},"branchMap":{"0":{"loc":{"start":{"line":12,"column":4},"end":{"line":16,"column":5}},"type":"if","locations":[{"start":{"line":12,"column":4},"end":{"line":16,"column":5}},{"start":{},"end":{}}],"line":12},"1":{"loc":{"start":{"line":12,"column":8},"end":{"line":12,"column":184}},"type":"binary-expr","locations":[{"start":{"line":12,"column":8},"end":{"line":12,"column":27}},{"start":{"line":12,"column":31},"end":{"line":12,"column":51}},{"start":{"line":12,"column":55},"end":{"line":12,"column":75}},{"start":{"line":12,"column":79},"end":{"line":12,"column":102}},{"start":{"line":12,"column":106},"end":{"line":12,"column":132}},{"start":{"line":12,"column":136},"end":{"line":12,"column":157}},{"start":{"line":12,"column":161},"end":{"line":12,"column":184}}],"line":12},"2":{"loc":{"start":{"line":25,"column":8},"end":{"line":45,"column":9}},"type":"if","locations":[{"start":{"line":25,"column":8},"end":{"line":45,"column":9}},{"start":{"line":41,"column":15},"end":{"line":45,"column":9}}],"line":25},"3":{"loc":{"start":{"line":55,"column":4},"end":{"line":59,"column":5}},"type":"if","locations":[{"start":{"line":55,"column":4},"end":{"line":59,"column":5}},{"start":{"line":57,"column":11},"end":{"line":59,"column":5}}],"line":55},"4":{"loc":{"start":{"line":55,"column":8},"end":{"line":55,"column":84}},"type":"binary-expr","locations":[{"start":{"line":55,"column":8},"end":{"line":55,"column":46}},{"start":{"line":55,"column":50},"end":{"line":55,"column":84}}],"line":55}},"s":{"0":0,"1":0,"2":0,"3":0,"4":0,"5":0,"6":0,"7":0,"8":0,"9":0,"10":0,"11":0,"12":0,"13":0,"14":0,"15":0,"16":0,"17":0,"18":0,"19":0,"20":0,"21":0,"22":0,"23":0,"24":0,"25":0,"26":0,"27":0,"28":0,"29":0,"30":0,"31":0,"32":0,"33":0,"34":0,"35":0,"36":0,"37":0,"38":0,"39":0,"40":0,"41":0,"42":0,"43":0,"44":0,"45":0,"46":0,"47":0,"48":0,"49":0},"f":{"0":0,"1":0,"2":0,"3":0,"4":0,"5":0,"6":0,"7":0},"b":{"0":[0,0],"1":[0,0,0,0,0,0,0],"2":[0,0],"3":[0,0],"4":[0,0]},"_coverageSchema":"1a1c01bbd47fc00a2c39e90264f33305004495a9","hash":"c255adfd993c106c07e131d910fbcdd3fa66ddd7"}
,"C:\\Users\\akhila\\Documents\\DVOPS_Projects\\beverage_ecommerce_ann\\beverage_ecom-ann\\public\\js\\search_beverage.js": {"path":"C:\\Users\\akhila\\Documents\\DVOPS_Projects\\beverage_ecommerce_ann\\beverage_ecom-ann\\public\\js\\search_beverage.js","statementMap":{"0":{"start":{"line":1,"column":0},"end":{"line":5,"column":4}},"1":{"start":{"line":2,"column":4},"end":{"line":4,"column":5}},"2":{"start":{"line":3,"column":8},"end":{"line":3,"column":25}},"3":{"start":{"line":7,"column":22},"end":{"line":7,"column":24}},"4":{"start":{"line":10,"column":21},"end":{"line":10,"column":72}},"5":{"start":{"line":12,"column":4},"end":{"line":12,"column":70}},"6":{"start":{"line":14,"column":4},"end":{"line":17,"column":5}},"7":{"start":{"line":15,"column":8},"end":{"line":15,"column":67}},"8":{"start":{"line":16,"column":8},"end":{"line":16,"column":15}},"9":{"start":{"line":19,"column":18},"end":{"line":19,"column":38}},"10":{"start":{"line":20,"column":4},"end":{"line":20,"column":89}},"11":{"start":{"line":21,"column":4},"end":{"line":21,"column":65}},"12":{"start":{"line":23,"column":4},"end":{"line":32,"column":6}},"13":{"start":{"line":24,"column":23},"end":{"line":24,"column":55}},"14":{"start":{"line":25,"column":8},"end":{"line":25,"column":30}},"15":{"start":{"line":27,"column":8},"end":{"line":31,"column":9}},"16":{"start":{"line":28,"column":12},"end":{"line":28,"column":97}},"17":{"start":{"line":30,"column":12},"end":{"line":30,"column":43}},"18":{"start":{"line":34,"column":4},"end":{"line":36,"column":6}},"19":{"start":{"line":35,"column":8},"end":{"line":35,"column":107}},"20":{"start":{"line":38,"column":4},"end":{"line":38,"column":19}},"21":{"start":{"line":42,"column":4},"end":{"line":42,"column":31}},"22":{"start":{"line":44,"column":27},"end":{"line":44,"column":70}},"23":{"start":{"line":45,"column":4},"end":{"line":45,"column":36}},"24":{"start":{"line":47,"column":4},"end":{"line":62,"column":7}},"25":{"start":{"line":48,"column":26},"end":{"line":48,"column":55}},"26":{"start":{"line":49,"column":8},"end":{"line":49,"column":51}},"27":{"start":{"line":51,"column":8},"end":{"line":59,"column":10}},"28":{"start":{"line":61,"column":8},"end":{"line":61,"column":50}},"29":{"start":{"line":66,"column":21},"end":{"line":66,"column":66}},"30":{"start":{"line":68,"column":4},"end":{"line":72,"column":5}},"31":{"start":{"line":69,"column":8},"end":{"line":69,"column":57}},"32":{"start":{"line":69,"column":38},"end":{"line":69,"column":55}},"33":{"start":{"line":70,"column":11},"end":{"line":72,"column":5}},"34":{"start":{"line":71,"column":8},"end":{"line":71,"column":57}},"35":{"start":{"line":71,"column":38},"end":{"line":71,"column":55}},"36":{"start":{"line":74,"column":4},"end":{"line":74,"column":41}},"37":{"start":{"line":77,"column":4},"end":{"line":77,"column":59}},"38":{"start":{"line":78,"column":4},"end":{"line":78,"column":21}}},"fnMap":{"0":{"name":"(anonymous_0)","decl":{"start":{"line":1,"column":67},"end":{"line":1,"column":68}},"loc":{"start":{"line":1,"column":83},"end":{"line":5,"column":2}},"line":1},"1":{"name":"searchbeverage","decl":{"start":{"line":9,"column":10},"end":{"line":9,"column":24}},"loc":{"start":{"line":9,"column":27},"end":{"line":39,"column":2}},"line":9},"2":{"name":"(anonymous_2)","decl":{"start":{"line":23,"column":21},"end":{"line":23,"column":22}},"loc":{"start":{"line":23,"column":33},"end":{"line":32,"column":5}},"line":23},"3":{"name":"(anonymous_3)","decl":{"start":{"line":34,"column":22},"end":{"line":34,"column":23}},"loc":{"start":{"line":34,"column":34},"end":{"line":36,"column":5}},"line":34},"4":{"name":"displaySearchResults","decl":{"start":{"line":41,"column":10},"end":{"line":41,"column":30}},"loc":{"start":{"line":41,"column":42},"end":{"line":63,"column":2}},"line":41},"5":{"name":"(anonymous_5)","decl":{"start":{"line":47,"column":22},"end":{"line":47,"column":23}},"loc":{"start":{"line":47,"column":42},"end":{"line":62,"column":5}},"line":47},"6":{"name":"sortResultsByPrice","decl":{"start":{"line":65,"column":10},"end":{"line":65,"column":28}},"loc":{"start":{"line":65,"column":31},"end":{"line":75,"column":2}},"line":65},"7":{"name":"(anonymous_7)","decl":{"start":{"line":69,"column":28},"end":{"line":69,"column":29}},"loc":{"start":{"line":69,"column":38},"end":{"line":69,"column":55}},"line":69},"8":{"name":"(anonymous_8)","decl":{"start":{"line":71,"column":28},"end":{"line":71,"column":29}},"loc":{"start":{"line":71,"column":38},"end":{"line":71,"column":55}},"line":71},"9":{"name":"setSearchQuery","decl":{"start":{"line":76,"column":10},"end":{"line":76,"column":24}},"loc":{"start":{"line":76,"column":34},"end":{"line":79,"column":1}},"line":76}},"branchMap":{"0":{"loc":{"start":{"line":2,"column":4},"end":{"line":4,"column":5}},"type":"if","locations":[{"start":{"line":2,"column":4},"end":{"line":4,"column":5}},{"start":{},"end":{}}],"line":2},"1":{"loc":{"start":{"line":14,"column":4},"end":{"line":17,"column":5}},"type":"if","locations":[{"start":{"line":14,"column":4},"end":{"line":17,"column":5}},{"start":{},"end":{}}],"line":14},"2":{"loc":{"start":{"line":27,"column":8},"end":{"line":31,"column":9}},"type":"if","locations":[{"start":{"line":27,"column":8},"end":{"line":31,"column":9}},{"start":{"line":29,"column":15},"end":{"line":31,"column":9}}],"line":27},"3":{"loc":{"start":{"line":55,"column":47},"end":{"line":55,"column":97}},"type":"binary-expr","locations":[{"start":{"line":55,"column":47},"end":{"line":55,"column":67}},{"start":{"line":55,"column":71},"end":{"line":55,"column":97}}],"line":55},"4":{"loc":{"start":{"line":57,"column":42},"end":{"line":57,"column":72}},"type":"binary-expr","locations":[{"start":{"line":57,"column":42},"end":{"line":57,"column":57}},{"start":{"line":57,"column":61},"end":{"line":57,"column":72}}],"line":57},"5":{"loc":{"start":{"line":68,"column":4},"end":{"line":72,"column":5}},"type":"if","locations":[{"start":{"line":68,"column":4},"end":{"line":72,"column":5}},{"start":{"line":70,"column":11},"end":{"line":72,"column":5}}],"line":68},"6":{"loc":{"start":{"line":70,"column":11},"end":{"line":72,"column":5}},"type":"if","locations":[{"start":{"line":70,"column":11},"end":{"line":72,"column":5}},{"start":{},"end":{}}],"line":70}},"s":{"0":9,"1":43,"2":4,"3":8,"4":43,"5":43,"6":43,"7":1,"8":1,"9":42,"10":42,"11":42,"12":42,"13":42,"14":39,"15":39,"16":23,"17":16,"18":42,"19":0,"20":42,"21":17,"22":17,"23":17,"24":17,"25":202,"26":202,"27":202,"28":202,"29":1,"30":1,"31":1,"32":18,"33":0,"34":0,"35":0,"36":1,"37":0,"38":0},"f":{"0":43,"1":43,"2":42,"3":0,"4":17,"5":202,"6":1,"7":18,"8":0,"9":0},"b":{"0":[4,39],"1":[1,42],"2":[23,16],"3":[202,0],"4":[202,0],"5":[1,0],"6":[0,0]},"_coverageSchema":"1a1c01bbd47fc00a2c39e90264f33305004495a9","hash":"767630a799b8926bf545429c30b05c3131dc1183"}
,"C:\\Users\\akhila\\Documents\\DVOPS_Projects\\beverage_ecommerce_ann\\beverage_ecom-ann\\public\\js\\update_beverage.js": {"path":"C:\\Users\\akhila\\Documents\\DVOPS_Projects\\beverage_ecommerce_ann\\beverage_ecom-ann\\public\\js\\update_beverage.js","statementMap":{"0":{"start":{"line":1,"column":0},"end":{"line":8,"column":3}},"1":{"start":{"line":2,"column":29},"end":{"line":2,"column":71}},"2":{"start":{"line":3,"column":4},"end":{"line":7,"column":5}},"3":{"start":{"line":4,"column":8},"end":{"line":4,"column":39}},"4":{"start":{"line":6,"column":8},"end":{"line":6,"column":60}},"5":{"start":{"line":11,"column":27},"end":{"line":11,"column":65}},"6":{"start":{"line":12,"column":4},"end":{"line":12,"column":41}},"7":{"start":{"line":13,"column":4},"end":{"line":13,"column":41}},"8":{"start":{"line":17,"column":18},"end":{"line":17,"column":53}},"9":{"start":{"line":18,"column":0},"end":{"line":28,"column":3}},"10":{"start":{"line":19,"column":22},"end":{"line":19,"column":58}},"11":{"start":{"line":20,"column":4},"end":{"line":27,"column":5}},"12":{"start":{"line":21,"column":8},"end":{"line":21,"column":51}},"13":{"start":{"line":22,"column":11},"end":{"line":27,"column":5}},"14":{"start":{"line":23,"column":8},"end":{"line":23,"column":68}},"15":{"start":{"line":24,"column":8},"end":{"line":24,"column":56}},"16":{"start":{"line":26,"column":8},"end":{"line":26,"column":35}},"17":{"start":{"line":31,"column":19},"end":{"line":31,"column":55}},"18":{"start":{"line":32,"column":0},"end":{"line":59,"column":3}},"19":{"start":{"line":33,"column":23},"end":{"line":33,"column":60}},"20":{"start":{"line":34,"column":25},"end":{"line":34,"column":64}},"21":{"start":{"line":36,"column":4},"end":{"line":42,"column":5}},"22":{"start":{"line":37,"column":8},"end":{"line":37,"column":58}},"23":{"start":{"line":38,"column":8},"end":{"line":38,"column":44}},"24":{"start":{"line":39,"column":8},"end":{"line":39,"column":15}},"25":{"start":{"line":41,"column":8},"end":{"line":41,"column":36}},"26":{"start":{"line":44,"column":16},"end":{"line":44,"column":27}},"27":{"start":{"line":45,"column":4},"end":{"line":45,"column":31}},"28":{"start":{"line":47,"column":4},"end":{"line":51,"column":6}},"29":{"start":{"line":48,"column":8},"end":{"line":48,"column":35}},"30":{"start":{"line":49,"column":8},"end":{"line":49,"column":45}},"31":{"start":{"line":50,"column":8},"end":{"line":50,"column":36}},"32":{"start":{"line":53,"column":4},"end":{"line":58,"column":6}},"33":{"start":{"line":54,"column":8},"end":{"line":55,"column":65}},"34":{"start":{"line":56,"column":8},"end":{"line":56,"column":30}},"35":{"start":{"line":57,"column":8},"end":{"line":57,"column":44}},"36":{"start":{"line":62,"column":19},"end":{"line":62,"column":55}},"37":{"start":{"line":63,"column":0},"end":{"line":73,"column":3}},"38":{"start":{"line":64,"column":23},"end":{"line":64,"column":60}},"39":{"start":{"line":65,"column":23},"end":{"line":65,"column":51}},"40":{"start":{"line":67,"column":4},"end":{"line":72,"column":5}},"41":{"start":{"line":68,"column":8},"end":{"line":68,"column":76}},"42":{"start":{"line":69,"column":8},"end":{"line":69,"column":30}},"43":{"start":{"line":71,"column":8},"end":{"line":71,"column":36}},"44":{"start":{"line":76,"column":25},"end":{"line":76,"column":67}},"45":{"start":{"line":77,"column":0},"end":{"line":88,"column":3}},"46":{"start":{"line":78,"column":29},"end":{"line":78,"column":72}},"47":{"start":{"line":79,"column":4},"end":{"line":87,"column":5}},"48":{"start":{"line":80,"column":8},"end":{"line":80,"column":65}},"49":{"start":{"line":81,"column":11},"end":{"line":87,"column":5}},"50":{"start":{"line":82,"column":8},"end":{"line":83,"column":55}},"51":{"start":{"line":84,"column":8},"end":{"line":84,"column":70}},"52":{"start":{"line":86,"column":8},"end":{"line":86,"column":42}},"53":{"start":{"line":91,"column":20},"end":{"line":91,"column":57}},"54":{"start":{"line":92,"column":0},"end":{"line":102,"column":3}},"55":{"start":{"line":93,"column":24},"end":{"line":93,"column":62}},"56":{"start":{"line":94,"column":24},"end":{"line":94,"column":53}},"57":{"start":{"line":96,"column":4},"end":{"line":101,"column":5}},"58":{"start":{"line":97,"column":8},"end":{"line":97,"column":67}},"59":{"start":{"line":98,"column":8},"end":{"line":98,"column":31}},"60":{"start":{"line":100,"column":8},"end":{"line":100,"column":37}},"61":{"start":{"line":105,"column":22},"end":{"line":105,"column":61}},"62":{"start":{"line":106,"column":0},"end":{"line":117,"column":3}},"63":{"start":{"line":107,"column":26},"end":{"line":107,"column":66}},"64":{"start":{"line":108,"column":26},"end":{"line":108,"column":59}},"65":{"start":{"line":110,"column":4},"end":{"line":116,"column":5}},"66":{"start":{"line":111,"column":8},"end":{"line":112,"column":61}},"67":{"start":{"line":113,"column":8},"end":{"line":113,"column":33}},"68":{"start":{"line":115,"column":8},"end":{"line":115,"column":39}},"69":{"start":{"line":120,"column":29},"end":{"line":120,"column":45}},"70":{"start":{"line":121,"column":4},"end":{"line":121,"column":70}},"71":{"start":{"line":122,"column":4},"end":{"line":122,"column":72}},"72":{"start":{"line":123,"column":4},"end":{"line":123,"column":72}},"73":{"start":{"line":124,"column":4},"end":{"line":124,"column":78}},"74":{"start":{"line":125,"column":4},"end":{"line":126,"column":37}},"75":{"start":{"line":127,"column":4},"end":{"line":127,"column":74}},"76":{"start":{"line":128,"column":4},"end":{"line":128,"column":78}},"77":{"start":{"line":130,"column":4},"end":{"line":132,"column":6}},"78":{"start":{"line":131,"column":8},"end":{"line":131,"column":44}},"79":{"start":{"line":136,"column":21},"end":{"line":144,"column":5}},"80":{"start":{"line":146,"column":4},"end":{"line":149,"column":5}},"81":{"start":{"line":146,"column":48},"end":{"line":146,"column":60}},"82":{"start":{"line":147,"column":8},"end":{"line":147,"column":63}},"83":{"start":{"line":148,"column":8},"end":{"line":148,"column":15}},"84":{"start":{"line":151,"column":20},"end":{"line":151,"column":40}},"85":{"start":{"line":152,"column":4},"end":{"line":152,"column":54}},"86":{"start":{"line":153,"column":4},"end":{"line":153,"column":65}},"87":{"start":{"line":154,"column":4},"end":{"line":170,"column":6}},"88":{"start":{"line":155,"column":8},"end":{"line":169,"column":9}},"89":{"start":{"line":156,"column":29},"end":{"line":156,"column":61}},"90":{"start":{"line":157,"column":12},"end":{"line":165,"column":13}},"91":{"start":{"line":158,"column":16},"end":{"line":161,"column":18}},"92":{"start":{"line":162,"column":16},"end":{"line":162,"column":52}},"93":{"start":{"line":164,"column":16},"end":{"line":164,"column":71}},"94":{"start":{"line":167,"column":12},"end":{"line":167,"column":60}},"95":{"start":{"line":168,"column":12},"end":{"line":168,"column":61}},"96":{"start":{"line":171,"column":4},"end":{"line":173,"column":6}},"97":{"start":{"line":172,"column":8},"end":{"line":172,"column":53}},"98":{"start":{"line":174,"column":4},"end":{"line":174,"column":43}}},"fnMap":{"0":{"name":"(anonymous_0)","decl":{"start":{"line":1,"column":46},"end":{"line":1,"column":47}},"loc":{"start":{"line":1,"column":58},"end":{"line":8,"column":1}},"line":1},"1":{"name":"showMessage","decl":{"start":{"line":10,"column":9},"end":{"line":10,"column":20}},"loc":{"start":{"line":10,"column":41},"end":{"line":14,"column":1}},"line":10},"2":{"name":"(anonymous_2)","decl":{"start":{"line":18,"column":36},"end":{"line":18,"column":37}},"loc":{"start":{"line":18,"column":48},"end":{"line":28,"column":1}},"line":18},"3":{"name":"(anonymous_3)","decl":{"start":{"line":32,"column":37},"end":{"line":32,"column":38}},"loc":{"start":{"line":32,"column":49},"end":{"line":59,"column":1}},"line":32},"4":{"name":"(anonymous_4)","decl":{"start":{"line":47,"column":17},"end":{"line":47,"column":18}},"loc":{"start":{"line":47,"column":29},"end":{"line":51,"column":5}},"line":47},"5":{"name":"(anonymous_5)","decl":{"start":{"line":53,"column":18},"end":{"line":53,"column":19}},"loc":{"start":{"line":53,"column":30},"end":{"line":58,"column":5}},"line":53},"6":{"name":"(anonymous_6)","decl":{"start":{"line":63,"column":37},"end":{"line":63,"column":38}},"loc":{"start":{"line":63,"column":49},"end":{"line":73,"column":1}},"line":63},"7":{"name":"(anonymous_7)","decl":{"start":{"line":77,"column":43},"end":{"line":77,"column":44}},"loc":{"start":{"line":77,"column":55},"end":{"line":88,"column":1}},"line":77},"8":{"name":"(anonymous_8)","decl":{"start":{"line":92,"column":38},"end":{"line":92,"column":39}},"loc":{"start":{"line":92,"column":50},"end":{"line":102,"column":1}},"line":92},"9":{"name":"(anonymous_9)","decl":{"start":{"line":106,"column":40},"end":{"line":106,"column":41}},"loc":{"start":{"line":106,"column":52},"end":{"line":117,"column":1}},"line":106},"10":{"name":"editBeverage","decl":{"start":{"line":119,"column":9},"end":{"line":119,"column":21}},"loc":{"start":{"line":119,"column":28},"end":{"line":133,"column":1}},"line":119},"11":{"name":"(anonymous_11)","decl":{"start":{"line":130,"column":54},"end":{"line":130,"column":55}},"loc":{"start":{"line":130,"column":66},"end":{"line":132,"column":5}},"line":130},"12":{"name":"updateBeverage","decl":{"start":{"line":135,"column":9},"end":{"line":135,"column":23}},"loc":{"start":{"line":135,"column":28},"end":{"line":175,"column":1}},"line":135},"13":{"name":"(anonymous_13)","decl":{"start":{"line":146,"column":37},"end":{"line":146,"column":38}},"loc":{"start":{"line":146,"column":48},"end":{"line":146,"column":60}},"line":146},"14":{"name":"(anonymous_14)","decl":{"start":{"line":154,"column":21},"end":{"line":154,"column":22}},"loc":{"start":{"line":154,"column":33},"end":{"line":170,"column":5}},"line":154},"15":{"name":"(anonymous_15)","decl":{"start":{"line":171,"column":22},"end":{"line":171,"column":23}},"loc":{"start":{"line":171,"column":34},"end":{"line":173,"column":5}},"line":171}},"branchMap":{"0":{"loc":{"start":{"line":3,"column":4},"end":{"line":7,"column":5}},"type":"if","locations":[{"start":{"line":3,"column":4},"end":{"line":7,"column":5}},{"start":{"line":5,"column":11},"end":{"line":7,"column":5}}],"line":3},"1":{"loc":{"start":{"line":20,"column":4},"end":{"line":27,"column":5}},"type":"if","locations":[{"start":{"line":20,"column":4},"end":{"line":27,"column":5}},{"start":{"line":22,"column":11},"end":{"line":27,"column":5}}],"line":20},"2":{"loc":{"start":{"line":22,"column":11},"end":{"line":27,"column":5}},"type":"if","locations":[{"start":{"line":22,"column":11},"end":{"line":27,"column":5}},{"start":{"line":25,"column":11},"end":{"line":27,"column":5}}],"line":22},"3":{"loc":{"start":{"line":36,"column":4},"end":{"line":42,"column":5}},"type":"if","locations":[{"start":{"line":36,"column":4},"end":{"line":42,"column":5}},{"start":{"line":40,"column":11},"end":{"line":42,"column":5}}],"line":36},"4":{"loc":{"start":{"line":67,"column":4},"end":{"line":72,"column":5}},"type":"if","locations":[{"start":{"line":67,"column":4},"end":{"line":72,"column":5}},{"start":{"line":70,"column":11},"end":{"line":72,"column":5}}],"line":67},"5":{"loc":{"start":{"line":67,"column":8},"end":{"line":67,"column":72}},"type":"binary-expr","locations":[{"start":{"line":67,"column":8},"end":{"line":67,"column":25}},{"start":{"line":67,"column":29},"end":{"line":67,"column":43}},{"start":{"line":67,"column":47},"end":{"line":67,"column":72}}],"line":67},"6":{"loc":{"start":{"line":79,"column":4},"end":{"line":87,"column":5}},"type":"if","locations":[{"start":{"line":79,"column":4},"end":{"line":87,"column":5}},{"start":{"line":81,"column":11},"end":{"line":87,"column":5}}],"line":79},"7":{"loc":{"start":{"line":81,"column":11},"end":{"line":87,"column":5}},"type":"if","locations":[{"start":{"line":81,"column":11},"end":{"line":87,"column":5}},{"start":{"line":85,"column":11},"end":{"line":87,"column":5}}],"line":81},"8":{"loc":{"start":{"line":96,"column":4},"end":{"line":101,"column":5}},"type":"if","locations":[{"start":{"line":96,"column":4},"end":{"line":101,"column":5}},{"start":{"line":99,"column":11},"end":{"line":101,"column":5}}],"line":96},"9":{"loc":{"start":{"line":96,"column":8},"end":{"line":96,"column":64}},"type":"binary-expr","locations":[{"start":{"line":96,"column":8},"end":{"line":96,"column":26}},{"start":{"line":96,"column":30},"end":{"line":96,"column":45}},{"start":{"line":96,"column":49},"end":{"line":96,"column":64}}],"line":96},"10":{"loc":{"start":{"line":110,"column":4},"end":{"line":116,"column":5}},"type":"if","locations":[{"start":{"line":110,"column":4},"end":{"line":116,"column":5}},{"start":{"line":114,"column":11},"end":{"line":116,"column":5}}],"line":110},"11":{"loc":{"start":{"line":110,"column":8},"end":{"line":110,"column":73}},"type":"binary-expr","locations":[{"start":{"line":110,"column":8},"end":{"line":110,"column":28}},{"start":{"line":110,"column":32},"end":{"line":110,"column":49}},{"start":{"line":110,"column":53},"end":{"line":110,"column":73}}],"line":110},"12":{"loc":{"start":{"line":146,"column":4},"end":{"line":149,"column":5}},"type":"if","locations":[{"start":{"line":146,"column":4},"end":{"line":149,"column":5}},{"start":{},"end":{}}],"line":146},"13":{"loc":{"start":{"line":157,"column":12},"end":{"line":165,"column":13}},"type":"if","locations":[{"start":{"line":157,"column":12},"end":{"line":165,"column":13}},{"start":{"line":163,"column":19},"end":{"line":165,"column":13}}],"line":157}},"s":{"0":1,"1":1,"2":1,"3":0,"4":1,"5":1,"6":1,"7":0,"8":1,"9":1,"10":0,"11":0,"12":0,"13":0,"14":0,"15":0,"16":0,"17":0,"18":0,"19":0,"20":0,"21":0,"22":0,"23":0,"24":0,"25":0,"26":0,"27":0,"28":0,"29":0,"30":0,"31":0,"32":0,"33":0,"34":0,"35":0,"36":0,"37":0,"38":0,"39":0,"40":0,"41":0,"42":0,"43":0,"44":0,"45":0,"46":0,"47":0,"48":0,"49":0,"50":0,"51":0,"52":0,"53":0,"54":0,"55":0,"56":0,"57":0,"58":0,"59":0,"60":0,"61":0,"62":0,"63":0,"64":0,"65":0,"66":0,"67":0,"68":0,"69":0,"70":0,"71":0,"72":0,"73":0,"74":0,"75":0,"76":0,"77":0,"78":0,"79":0,"80":0,"81":0,"82":0,"83":0,"84":0,"85":0,"86":0,"87":0,"88":0,"89":0,"90":0,"91":0,"92":0,"93":0,"94":0,"95":0,"96":0,"97":0,"98":0},"f":{"0":1,"1":1,"2":0,"3":0,"4":0,"5":0,"6":0,"7":0,"8":0,"9":0,"10":0,"11":0,"12":0,"13":0,"14":0,"15":0},"b":{"0":[0,1],"1":[0,0],"2":[0,0],"3":[0,0],"4":[0,0],"5":[0,0,0],"6":[0,0],"7":[0,0],"8":[0,0],"9":[0,0,0],"10":[0,0],"11":[0,0,0],"12":[0,0],"13":[0,0]},"_coverageSchema":"1a1c01bbd47fc00a2c39e90264f33305004495a9","hash":"cdf7d70b94fa8268eb8c2388f07a3f6db01c698a"}
}
