{"C:\\Users\\user\\OneDrive\\Desktop\\TP\\Devops\\beverage_ecom-ann\\public\\js\\search_beverage.js": {"path":"C:\\Users\\user\\OneDrive\\Desktop\\TP\\Devops\\beverage_ecom-ann\\public\\js\\search_beverage.js","statementMap":{"0":{"start":{"line":1,"column":0},"end":{"line":5,"column":3}},"1":{"start":{"line":2,"column":4},"end":{"line":4,"column":5}},"2":{"start":{"line":3,"column":8},"end":{"line":3,"column":25}},"3":{"start":{"line":7,"column":21},"end":{"line":7,"column":23}},"4":{"start":{"line":10,"column":23},"end":{"line":10,"column":74}},"5":{"start":{"line":12,"column":4},"end":{"line":16,"column":5}},"6":{"start":{"line":13,"column":8},"end":{"line":13,"column":67}},"7":{"start":{"line":14,"column":8},"end":{"line":14,"column":75}},"8":{"start":{"line":15,"column":8},"end":{"line":15,"column":15}},"9":{"start":{"line":18,"column":4},"end":{"line":18,"column":70}},"10":{"start":{"line":20,"column":18},"end":{"line":20,"column":38}},"11":{"start":{"line":21,"column":4},"end":{"line":21,"column":89}},"12":{"start":{"line":22,"column":4},"end":{"line":22,"column":65}},"13":{"start":{"line":24,"column":4},"end":{"line":35,"column":6}},"14":{"start":{"line":25,"column":8},"end":{"line":34,"column":9}},"15":{"start":{"line":26,"column":29},"end":{"line":26,"column":61}},"16":{"start":{"line":27,"column":12},"end":{"line":31,"column":13}},"17":{"start":{"line":28,"column":16},"end":{"line":28,"column":101}},"18":{"start":{"line":30,"column":16},"end":{"line":30,"column":47}},"19":{"start":{"line":33,"column":12},"end":{"line":33,"column":108}},"20":{"start":{"line":41,"column":4},"end":{"line":41,"column":19}},"21":{"start":{"line":45,"column":4},"end":{"line":45,"column":31}},"22":{"start":{"line":47,"column":27},"end":{"line":47,"column":70}},"23":{"start":{"line":48,"column":4},"end":{"line":48,"column":36}},"24":{"start":{"line":50,"column":4},"end":{"line":65,"column":7}},"25":{"start":{"line":51,"column":26},"end":{"line":51,"column":55}},"26":{"start":{"line":52,"column":8},"end":{"line":52,"column":51}},"27":{"start":{"line":54,"column":8},"end":{"line":62,"column":10}},"28":{"start":{"line":64,"column":8},"end":{"line":64,"column":50}},"29":{"start":{"line":69,"column":21},"end":{"line":69,"column":66}},"30":{"start":{"line":71,"column":4},"end":{"line":75,"column":5}},"31":{"start":{"line":72,"column":8},"end":{"line":72,"column":57}},"32":{"start":{"line":72,"column":38},"end":{"line":72,"column":55}},"33":{"start":{"line":73,"column":11},"end":{"line":75,"column":5}},"34":{"start":{"line":74,"column":8},"end":{"line":74,"column":57}},"35":{"start":{"line":74,"column":38},"end":{"line":74,"column":55}},"36":{"start":{"line":77,"column":4},"end":{"line":77,"column":41}},"37":{"start":{"line":81,"column":4},"end":{"line":81,"column":59}},"38":{"start":{"line":82,"column":4},"end":{"line":82,"column":21}},"39":{"start":{"line":85,"column":0},"end":{"line":87,"column":3}},"40":{"start":{"line":86,"column":4},"end":{"line":86,"column":26}}},"fnMap":{"0":{"name":"(anonymous_0)","decl":{"start":{"line":1,"column":67},"end":{"line":1,"column":68}},"loc":{"start":{"line":1,"column":84},"end":{"line":5,"column":1}},"line":1},"1":{"name":"searchbeverage","decl":{"start":{"line":9,"column":9},"end":{"line":9,"column":23}},"loc":{"start":{"line":9,"column":26},"end":{"line":42,"column":1}},"line":9},"2":{"name":"(anonymous_2)","decl":{"start":{"line":24,"column":21},"end":{"line":24,"column":22}},"loc":{"start":{"line":24,"column":33},"end":{"line":35,"column":5}},"line":24},"3":{"name":"displaySearchResults","decl":{"start":{"line":44,"column":9},"end":{"line":44,"column":29}},"loc":{"start":{"line":44,"column":41},"end":{"line":66,"column":1}},"line":44},"4":{"name":"(anonymous_4)","decl":{"start":{"line":50,"column":22},"end":{"line":50,"column":23}},"loc":{"start":{"line":50,"column":42},"end":{"line":65,"column":5}},"line":50},"5":{"name":"sortResultsByPrice","decl":{"start":{"line":68,"column":9},"end":{"line":68,"column":27}},"loc":{"start":{"line":68,"column":30},"end":{"line":78,"column":1}},"line":68},"6":{"name":"(anonymous_6)","decl":{"start":{"line":72,"column":28},"end":{"line":72,"column":29}},"loc":{"start":{"line":72,"column":38},"end":{"line":72,"column":55}},"line":72},"7":{"name":"(anonymous_7)","decl":{"start":{"line":74,"column":28},"end":{"line":74,"column":29}},"loc":{"start":{"line":74,"column":38},"end":{"line":74,"column":55}},"line":74},"8":{"name":"setSearchQuery","decl":{"start":{"line":80,"column":9},"end":{"line":80,"column":23}},"loc":{"start":{"line":80,"column":33},"end":{"line":83,"column":1}},"line":80},"9":{"name":"(anonymous_9)","decl":{"start":{"line":85,"column":65},"end":{"line":85,"column":66}},"loc":{"start":{"line":85,"column":77},"end":{"line":87,"column":1}},"line":85}},"branchMap":{"0":{"loc":{"start":{"line":2,"column":4},"end":{"line":4,"column":5}},"type":"if","locations":[{"start":{"line":2,"column":4},"end":{"line":4,"column":5}},{"start":{},"end":{}}],"line":2},"1":{"loc":{"start":{"line":12,"column":4},"end":{"line":16,"column":5}},"type":"if","locations":[{"start":{"line":12,"column":4},"end":{"line":16,"column":5}},{"start":{},"end":{}}],"line":12},"2":{"loc":{"start":{"line":27,"column":12},"end":{"line":31,"column":13}},"type":"if","locations":[{"start":{"line":27,"column":12},"end":{"line":31,"column":13}},{"start":{"line":29,"column":19},"end":{"line":31,"column":13}}],"line":27},"3":{"loc":{"start":{"line":58,"column":47},"end":{"line":58,"column":97}},"type":"binary-expr","locations":[{"start":{"line":58,"column":47},"end":{"line":58,"column":67}},{"start":{"line":58,"column":71},"end":{"line":58,"column":97}}],"line":58},"4":{"loc":{"start":{"line":60,"column":42},"end":{"line":60,"column":72}},"type":"binary-expr","locations":[{"start":{"line":60,"column":42},"end":{"line":60,"column":57}},{"start":{"line":60,"column":61},"end":{"line":60,"column":72}}],"line":60},"5":{"loc":{"start":{"line":71,"column":4},"end":{"line":75,"column":5}},"type":"if","locations":[{"start":{"line":71,"column":4},"end":{"line":75,"column":5}},{"start":{"line":73,"column":11},"end":{"line":75,"column":5}}],"line":71},"6":{"loc":{"start":{"line":73,"column":11},"end":{"line":75,"column":5}},"type":"if","locations":[{"start":{"line":73,"column":11},"end":{"line":75,"column":5}},{"start":{},"end":{}}],"line":73}},"s":{"0":10,"1":70,"2":8,"3":10,"4":15,"5":15,"6":1,"7":1,"8":1,"9":14,"10":14,"11":14,"12":14,"13":14,"14":14,"15":14,"16":14,"17":6,"18":8,"19":0,"20":14,"21":10,"22":10,"23":10,"24":10,"25":22,"26":22,"27":22,"28":22,"29":2,"30":2,"31":1,"32":4,"33":1,"34":1,"35":3,"36":2,"37":0,"38":0,"39":10,"40":0},"f":{"0":70,"1":15,"2":14,"3":10,"4":22,"5":2,"6":4,"7":3,"8":0,"9":0},"b":{"0":[8,62],"1":[1,14],"2":[6,8],"3":[22,18],"4":[22,18],"5":[1,1],"6":[1,0]},"_coverageSchema":"1a1c01bbd47fc00a2c39e90264f33305004495a9","hash":"9a8ac9a01ea6c461fda4035307df1e81a8de124d"}
}
