TN:
SF:public\js\addbeverage.js
FN:1,addbeverage
FN:22,(anonymous_1)
FN:53,openForm
FN:62,openModal
FN:67,closeModal
FN:72,previewImage
FN:78,(anonymous_6)
FN:82,(anonymous_7)
FNF:8
FNH:0
FNDA:0,addbeverage
FNDA:0,(anonymous_1)
FNDA:0,openForm
FNDA:0,openModal
FNDA:0,closeModal
FNDA:0,previewImage
FNDA:0,(anonymous_6)
FNDA:0,(anonymous_7)
DA:2,0
DA:3,0
DA:4,0
DA:5,0
DA:6,0
DA:7,0
DA:8,0
DA:9,0
DA:10,0
DA:12,0
DA:13,0
DA:14,0
DA:15,0
DA:18,0
DA:19,0
DA:20,0
DA:22,0
DA:23,0
DA:24,0
DA:25,0
DA:26,0
DA:27,0
DA:28,0
DA:31,0
DA:32,0
DA:33,0
DA:34,0
DA:35,0
DA:36,0
DA:37,0
DA:40,0
DA:42,0
DA:43,0
DA:44,0
DA:49,0
DA:54,0
DA:55,0
DA:56,0
DA:58,0
DA:63,0
DA:68,0
DA:73,0
DA:74,0
DA:77,0
DA:78,0
DA:79,0
DA:80,0
DA:82,0
DA:83,0
DA:85,0
LF:50
LH:0
BRDA:12,0,0,0
BRDA:12,0,1,0
BRDA:12,1,0,0
BRDA:12,1,1,0
BRDA:12,1,2,0
BRDA:12,1,3,0
BRDA:12,1,4,0
BRDA:12,1,5,0
BRDA:12,1,6,0
BRDA:25,2,0,0
BRDA:25,2,1,0
BRDA:55,3,0,0
BRDA:55,3,1,0
BRDA:55,4,0,0
BRDA:55,4,1,0
BRF:15
BRH:0
end_of_record
TN:
SF:public\js\search_beverage.js
FN:1,(anonymous_0)
FN:9,searchbeverage
FN:23,(anonymous_2)
FN:34,(anonymous_3)
FN:41,displaySearchResults
FN:47,(anonymous_5)
FN:65,sortResultsByPrice
FN:69,(anonymous_7)
FN:71,(anonymous_8)
FN:76,setSearchQuery
FNF:10
FNH:7
FNDA:43,(anonymous_0)
FNDA:43,searchbeverage
FNDA:42,(anonymous_2)
FNDA:0,(anonymous_3)
FNDA:17,displaySearchResults
FNDA:202,(anonymous_5)
FNDA:1,sortResultsByPrice
FNDA:18,(anonymous_7)
FNDA:0,(anonymous_8)
FNDA:0,setSearchQuery
DA:1,9
DA:2,43
DA:3,4
DA:7,8
DA:10,43
DA:12,43
DA:14,43
DA:15,1
DA:16,1
DA:19,42
DA:20,42
DA:21,42
DA:23,42
DA:24,42
DA:25,39
DA:27,39
DA:28,23
DA:30,16
DA:34,42
DA:35,0
DA:38,42
DA:42,17
DA:44,17
DA:45,17
DA:47,17
DA:48,202
DA:49,202
DA:51,202
DA:61,202
DA:66,1
DA:68,1
DA:69,18
DA:70,0
DA:71,0
DA:74,1
DA:77,0
DA:78,0
LF:37
LH:32
BRDA:2,0,0,4
BRDA:2,0,1,39
BRDA:14,1,0,1
BRDA:14,1,1,42
BRDA:27,2,0,23
BRDA:27,2,1,16
BRDA:55,3,0,202
BRDA:55,3,1,0
BRDA:57,4,0,202
BRDA:57,4,1,0
BRDA:68,5,0,1
BRDA:68,5,1,0
BRDA:70,6,0,0
BRDA:70,6,1,0
BRF:14
BRH:9
end_of_record
TN:
SF:public\js\update_beverage.js
FN:1,(anonymous_0)
FN:10,showMessage
FN:18,(anonymous_2)
FN:32,(anonymous_3)
FN:47,(anonymous_4)
FN:53,(anonymous_5)
FN:63,(anonymous_6)
FN:77,(anonymous_7)
FN:92,(anonymous_8)
FN:106,(anonymous_9)
FN:119,editBeverage
FN:130,(anonymous_11)
FN:135,updateBeverage
FN:146,(anonymous_13)
FN:154,(anonymous_14)
FN:171,(anonymous_15)
FNF:16
FNH:2
FNDA:1,(anonymous_0)
FNDA:1,showMessage
FNDA:0,(anonymous_2)
FNDA:0,(anonymous_3)
FNDA:0,(anonymous_4)
FNDA:0,(anonymous_5)
FNDA:0,(anonymous_6)
FNDA:0,(anonymous_7)
FNDA:0,(anonymous_8)
FNDA:0,(anonymous_9)
FNDA:0,editBeverage
FNDA:0,(anonymous_11)
FNDA:0,updateBeverage
FNDA:0,(anonymous_13)
FNDA:0,(anonymous_14)
FNDA:0,(anonymous_15)
DA:1,1
DA:2,1
DA:3,1
DA:4,0
DA:6,1
DA:11,1
DA:12,1
DA:13,0
DA:17,1
DA:18,1
DA:19,0
DA:20,0
DA:21,0
DA:22,0
DA:23,0
DA:24,0
DA:26,0
DA:31,0
DA:32,0
DA:33,0
DA:34,0
DA:36,0
DA:37,0
DA:38,0
DA:39,0
DA:41,0
DA:44,0
DA:45,0
DA:47,0
DA:48,0
DA:49,0
DA:50,0
DA:53,0
DA:54,0
DA:56,0
DA:57,0
DA:62,0
DA:63,0
DA:64,0
DA:65,0
DA:67,0
DA:68,0
DA:69,0
DA:71,0
DA:76,0
DA:77,0
DA:78,0
DA:79,0
DA:80,0
DA:81,0
DA:82,0
DA:84,0
DA:86,0
DA:91,0
DA:92,0
DA:93,0
DA:94,0
DA:96,0
DA:97,0
DA:98,0
DA:100,0
DA:105,0
DA:106,0
DA:107,0
DA:108,0
DA:110,0
DA:111,0
DA:113,0
DA:115,0
DA:120,0
DA:121,0
DA:122,0
DA:123,0
DA:124,0
DA:125,0
DA:127,0
DA:128,0
DA:130,0
DA:131,0
DA:136,0
DA:146,0
DA:147,0
DA:148,0
DA:151,0
DA:152,0
DA:153,0
DA:154,0
DA:155,0
DA:156,0
DA:157,0
DA:158,0
DA:162,0
DA:164,0
DA:167,0
DA:168,0
DA:171,0
DA:172,0
DA:174,0
LF:98
LH:8
BRDA:3,0,0,0
BRDA:3,0,1,1
BRDA:20,1,0,0
BRDA:20,1,1,0
BRDA:22,2,0,0
BRDA:22,2,1,0
BRDA:36,3,0,0
BRDA:36,3,1,0
BRDA:67,4,0,0
BRDA:67,4,1,0
BRDA:67,5,0,0
BRDA:67,5,1,0
BRDA:67,5,2,0
BRDA:79,6,0,0
BRDA:79,6,1,0
BRDA:81,7,0,0
BRDA:81,7,1,0
BRDA:96,8,0,0
BRDA:96,8,1,0
BRDA:96,9,0,0
BRDA:96,9,1,0
BRDA:96,9,2,0
BRDA:110,10,0,0
BRDA:110,10,1,0
BRDA:110,11,0,0
BRDA:110,11,1,0
BRDA:110,11,2,0
BRDA:146,12,0,0
BRDA:146,12,1,0
BRDA:157,13,0,0
BRDA:157,13,1,0
BRF:31
BRH:1
end_of_record
