TN:
SF:public\js\search_beverage.js
FN:1,(anonymous_0)
FN:9,searchbeverage
FN:24,(anonymous_2)
FN:44,displaySearchResults
FN:50,(anonymous_4)
FN:68,sortResultsByPrice
FN:72,(anonymous_6)
FN:74,(anonymous_7)
FN:80,setSearchQuery
FN:85,(anonymous_9)
FNF:10
FNH:8
FNDA:70,(anonymous_0)
FNDA:15,searchbeverage
FNDA:14,(anonymous_2)
FNDA:10,displaySearchResults
FNDA:22,(anonymous_4)
FNDA:2,sortResultsByPrice
FNDA:4,(anonymous_6)
FNDA:3,(anonymous_7)
FNDA:0,setSearchQuery
FNDA:0,(anonymous_9)
DA:1,10
DA:2,70
DA:3,8
DA:7,10
DA:10,15
DA:12,15
DA:13,1
DA:14,1
DA:15,1
DA:18,14
DA:20,14
DA:21,14
DA:22,14
DA:24,14
DA:25,14
DA:26,14
DA:27,14
DA:28,6
DA:30,8
DA:33,0
DA:41,14
DA:45,10
DA:47,10
DA:48,10
DA:50,10
DA:51,22
DA:52,22
DA:54,22
DA:64,22
DA:69,2
DA:71,2
DA:72,4
DA:73,1
DA:74,3
DA:77,2
DA:81,0
DA:82,0
DA:85,10
DA:86,0
LF:39
LH:35
BRDA:2,0,0,8
BRDA:2,0,1,62
BRDA:12,1,0,1
BRDA:12,1,1,14
BRDA:27,2,0,6
BRDA:27,2,1,8
BRDA:58,3,0,22
BRDA:58,3,1,18
BRDA:60,4,0,22
BRDA:60,4,1,18
BRDA:71,5,0,1
BRDA:71,5,1,1
BRDA:73,6,0,1
BRDA:73,6,1,0
BRF:14
BRH:13
end_of_record
